<?xml version="1.0" encoding="UTF-8"?>
<testng-results ignored="0" total="1" passed="1" failed="0" skipped="0">
  <reporter-output>
  </reporter-output>
  <suite started-at="2024-06-20T16:57:06 IST" name="Surefire suite" finished-at="2024-06-20T16:57:13 IST" duration-ms="6177">
    <groups>
    </groups>
    <test started-at="2024-06-20T16:57:06 IST" name="Surefire test" finished-at="2024-06-20T16:57:13 IST" duration-ms="6177">
      <class name="driverFactory.AppTest">
        <test-method signature="kickStart()[pri:0, instance:driverFactory.AppTest@12d3a4e9]" started-at="2024-06-20T16:57:06 IST" name="kickStart" finished-at="2024-06-20T16:57:13 IST" duration-ms="6131" status="PASS">
          <reporter-output>
          </reporter-output>
        </test-method> <!-- kickStart -->
      </class> <!-- driverFactory.AppTest -->
    </test> <!-- Surefire test -->
  </suite> <!-- Surefire suite -->
</testng-results>
